<!DOCTYPE html PUBLIC "-//W3C//DTD XHTML 1.1//EN" "http://www.w3.org/TR/xhtml11/DTD/xhtml11.dtd">
<html xmlns="http://www.w3.org/1999/xhtml"><head><title>TestNG Report</title><style type="text/css">table {margin-bottom:10px;border-collapse:collapse;empty-cells:show}th,td {border:1px solid #009;padding:.25em .5em}th {vertical-align:bottom}td {vertical-align:top}table a {font-weight:bold}.stripe td {background-color: #E6EBF9}.num {text-align:right}.passedodd td {background-color: #3F3}.passedeven td {background-color: #0A0}.skippedodd td {background-color: #DDD}.skippedeven td {background-color: #CCC}.failedodd td,.attn {background-color: #F33}.failedeven td,.stripe .attn {background-color: #D00}.stacktrace {white-space:pre;font-family:monospace}.totop {font-size:85%;text-align:center;border-bottom:2px solid #000}</style></head><body><table><tr><th>Test</th><th># Passed</th><th># Skipped</th><th># Failed</th><th>Time (ms)</th><th>Included Groups</th><th>Excluded Groups</th></tr><tr><th colspan="7">Falcon-Sample-WIN_10_CHROME_77</th></tr><tr><td><a href="#t0">SampleTest</a></td><td class="num">0</td><td class="num attn">2</td><td class="num">0</td><td class="num">1,345</td><td></td><td></td></tr></table><table><thead><tr><th>Class</th><th>Method</th><th>Start</th><th>Time (ms)</th></tr></thead><tbody><tr><th colspan="4">Falcon-Sample-WIN_10_CHROME_77</th></tr></tbody><tbody id="t0"><tr><th colspan="4">SampleTest &#8212; skipped</th></tr><tr class="skippedeven"><td rowspan="2">com.ui.automation.testscript.TestRegisterMember</td><td><a href="#m0">AddTopstotheCart</a></td><td rowspan="1">1585229893010</td><td rowspan="1">0</td></tr><tr class="skippedeven"><td><a href="#m1">LogintoGmail</a></td><td rowspan="1">1585229893010</td><td rowspan="1">0</td></tr></tbody></table><h2>SampleTest</h2><h3 id="m0">com.ui.automation.testscript.TestRegisterMember#AddTopstotheCart</h3><table class="result"><tr><th>Exception</th></tr><tr><td><div class="stacktrace">java.lang.RuntimeException: java.lang.ArrayIndexOutOfBoundsException: 2
	at com.ui.automation.runner.TestNGRunner.main(TestNGRunner.java:58)
	at org.codehaus.mojo.exec.ExecJavaMojo$1.run(ExecJavaMojo.java:294)
	at java.lang.Thread.run(Thread.java:748)
Caused by: java.lang.ArrayIndexOutOfBoundsException: 2
	at com.ui.automation.dataprovider.Testdata.ProductData(Testdata.java:67)
	at com.ui.automation.testscript.TestRegisterMember.getTestproductData(TestRegisterMember.java:81)
	... 24 more
... Removed 28 stack frames</div></td></tr></table><p class="totop"><a href="#summary">back to summary</a></p><h3 id="m1">com.ui.automation.testscript.TestRegisterMember#LogintoGmail</h3><table class="result"><tr><th>Exception</th></tr><tr><td><div class="stacktrace">org.testng.TestNGException: 
Method public void com.ui.automation.testscript.TestRegisterMember.LogintoGmail(java.lang.String,java.lang.String) throws java.lang.Exception requires a @DataProvider named : getTestData
	at com.ui.automation.runner.TestNGRunner.main(TestNGRunner.java:58)
	at org.codehaus.mojo.exec.ExecJavaMojo$1.run(ExecJavaMojo.java:294)
	at java.lang.Thread.run(Thread.java:748)
... Removed 22 stack frames</div></td></tr></table><p class="totop"><a href="#summary">back to summary</a></p></body></html>