<?xml version="1.0" encoding="UTF-8"?>
<!-- Generated by org.testng.reporters.JUnitXMLReporter -->
<testsuite hostname="ATMECSINLT-429" name="SampleTest" tests="3" failures="1" timestamp="27 Apr 2020 15:54:32 GMT" time="45.257" errors="0">
  <testcase name="@BeforeMethod Lunchsite" time="0.0" classname="com.ui.automation.testscript.TestSearchingforProduct">
    <failure type="org.openqa.selenium.SessionNotCreatedException" message="session not created
from disconnected: received Inspector.detached event
  (Session info: chrome=81.0.4044.122)
Build info: version: &amp;apos;3.6.0&amp;apos;, revision: &amp;apos;6fbf3ec767&amp;apos;, time: &amp;apos;2017-09-27T15:28:36.4Z&amp;apos;
System info: host: &amp;apos;ATMECSINLT-429&amp;apos;, ip: &amp;apos;192.168.43.117&amp;apos;, os.name: &amp;apos;Windows 10&amp;apos;, os.arch: &amp;apos;amd64&amp;apos;, os.version: &amp;apos;10.0&amp;apos;, java.version: &amp;apos;1.8.0_191&amp;apos;
Driver info: driver.version: ChromeDriver
remote stacktrace: Backtrace:
	Ordinal0 [0x00E50C83+1707139]
	Ordinal0 [0x00DB68F1+1075441]
	Ordinal0 [0x00D2DFC9+516041]
	Ordinal0 [0x00D2687B+485499]
	Ordinal0 [0x00D26499+484505]
	Ordinal0 [0x00D25D96+482710]
	Ordinal0 [0x00D253AC+480172]
	Ordinal0 [0x00D255D5+480725]
	Ordinal0 [0x00D25035+479285]
	Ordinal0 [0x00D2CD25+511269]
	Ordinal0 [0x00D24FE8+479208]
	Ordinal0 [0x00D25A3B+481851]
	Ordinal0 [0x00D253AC+480172]
	Ordinal0 [0x00D255D5+480725]
	Ordinal0 [0x00D25035+479285]
	Ordinal0 [0x00D2B5AE+505262]
	Ordinal0 [0x00D24FE8+479208]
	Ordinal0 [0x00D25A3B+481851]
	Ordinal0 [0x00D253AC+480172]
	Ordinal0 [0x00D255D5+480725]
	Ordinal0 [0x00D25035+479285]
	Ordinal0 [0x00D29E1C+499228]
	Ordinal0 [0x00D24FE8+479208]
	Ordinal0 [0x00D25A3B+481851]
	Ordinal0 [0x00D253AC+480172]
	Ordinal0 [0x00D255D5+480725]
	Ordinal0 [0x00D25035+479285]
	Ordinal0 [0x00D294B7+496823]
	Ordinal0 [0x00D24FE8+479208]
	Ordinal0 [0x00D25A3B+481851]
	Ordinal0 [0x00D253AC+480172]
	Ordinal0 [0x00D255D5+480725]
	Ordinal0 [0x00D25035+479285]
	Ordinal0 [0x00D21B5C+465756]
	Ordinal0 [0x00D24FE8+479208]
	Ordinal0 [0x00D24EC4+478916]
	Ordinal0 [0x00D2ECA0+519328]
	Ordinal0 [0x00CDCA67+182887]
	Ordinal0 [0x00CDBDDD+179677]
	Ordinal0 [0x00CD9D4B+171339]
	Ordinal0 [0x00CC1D4A+73034]
	Ordinal0 [0x00CC2DC0+77248]
	Ordinal0 [0x00CC2D59+77145]
	Ordinal0 [0x00DCBB67+1162087]
	GetHandleVerifier [0x00EEA966+508998]
	GetHandleVerifier [0x00EEA6A4+508292]
	GetHandleVerifier [0x00EFF7B7+594583]
	GetHandleVerifier [0x00EEB1D6+511158]
	Ordinal0 [0x00DC402C+1130540]
	Ordinal0 [0x00DCD4CB+1168587]
	Ordinal0 [0x00DCD633+1168947]
	Ordinal0 [0x00DE5B35+1268533]
	BaseThreadInitThunk [0x74AE8484+36]
	RtlValidSecurityDescriptor [0x77D6302C+284]
	RtlValidSecurityDescriptor [0x77D62FFA+234]
">
      <![CDATA[org.openqa.selenium.SessionNotCreatedException: session not created
from disconnected: received Inspector.detached event
  (Session info: chrome=81.0.4044.122)
Build info: version: '3.6.0', revision: '6fbf3ec767', time: '2017-09-27T15:28:36.4Z'
System info: host: 'ATMECSINLT-429', ip: '192.168.43.117', os.name: 'Windows 10', os.arch: 'amd64', os.version: '10.0', java.version: '1.8.0_191'
Driver info: driver.version: ChromeDriver
remote stacktrace: Backtrace:
	Ordinal0 [0x00E50C83+1707139]
	Ordinal0 [0x00DB68F1+1075441]
	Ordinal0 [0x00D2DFC9+516041]
	Ordinal0 [0x00D2687B+485499]
	Ordinal0 [0x00D26499+484505]
	Ordinal0 [0x00D25D96+482710]
	Ordinal0 [0x00D253AC+480172]
	Ordinal0 [0x00D255D5+480725]
	Ordinal0 [0x00D25035+479285]
	Ordinal0 [0x00D2CD25+511269]
	Ordinal0 [0x00D24FE8+479208]
	Ordinal0 [0x00D25A3B+481851]
	Ordinal0 [0x00D253AC+480172]
	Ordinal0 [0x00D255D5+480725]
	Ordinal0 [0x00D25035+479285]
	Ordinal0 [0x00D2B5AE+505262]
	Ordinal0 [0x00D24FE8+479208]
	Ordinal0 [0x00D25A3B+481851]
	Ordinal0 [0x00D253AC+480172]
	Ordinal0 [0x00D255D5+480725]
	Ordinal0 [0x00D25035+479285]
	Ordinal0 [0x00D29E1C+499228]
	Ordinal0 [0x00D24FE8+479208]
	Ordinal0 [0x00D25A3B+481851]
	Ordinal0 [0x00D253AC+480172]
	Ordinal0 [0x00D255D5+480725]
	Ordinal0 [0x00D25035+479285]
	Ordinal0 [0x00D294B7+496823]
	Ordinal0 [0x00D24FE8+479208]
	Ordinal0 [0x00D25A3B+481851]
	Ordinal0 [0x00D253AC+480172]
	Ordinal0 [0x00D255D5+480725]
	Ordinal0 [0x00D25035+479285]
	Ordinal0 [0x00D21B5C+465756]
	Ordinal0 [0x00D24FE8+479208]
	Ordinal0 [0x00D24EC4+478916]
	Ordinal0 [0x00D2ECA0+519328]
	Ordinal0 [0x00CDCA67+182887]
	Ordinal0 [0x00CDBDDD+179677]
	Ordinal0 [0x00CD9D4B+171339]
	Ordinal0 [0x00CC1D4A+73034]
	Ordinal0 [0x00CC2DC0+77248]
	Ordinal0 [0x00CC2D59+77145]
	Ordinal0 [0x00DCBB67+1162087]
	GetHandleVerifier [0x00EEA966+508998]
	GetHandleVerifier [0x00EEA6A4+508292]
	GetHandleVerifier [0x00EFF7B7+594583]
	GetHandleVerifier [0x00EEB1D6+511158]
	Ordinal0 [0x00DC402C+1130540]
	Ordinal0 [0x00DCD4CB+1168587]
	Ordinal0 [0x00DCD633+1168947]
	Ordinal0 [0x00DE5B35+1268533]
	BaseThreadInitThunk [0x74AE8484+36]
	RtlValidSecurityDescriptor [0x77D6302C+284]
	RtlValidSecurityDescriptor [0x77D62FFA+234]

	at org.openqa.selenium.remote.W3CHandshakeResponse.lambda$new$0(W3CHandshakeResponse.java:57)
	at org.openqa.selenium.remote.W3CHandshakeResponse.lambda$getResponseFunction$2(W3CHandshakeResponse.java:104)
	at org.openqa.selenium.remote.ProtocolHandshake.lambda$createSession$24(ProtocolHandshake.java:359)
	at java.util.stream.ReferencePipeline$3$1.accept(ReferencePipeline.java:193)
	at java.util.Spliterators$ArraySpliterator.tryAdvance(Spliterators.java:958)
	at java.util.stream.ReferencePipeline.forEachWithCancel(ReferencePipeline.java:126)
	at java.util.stream.AbstractPipeline.copyIntoWithCancel(AbstractPipeline.java:498)
	at java.util.stream.AbstractPipeline.copyInto(AbstractPipeline.java:485)
	at java.util.stream.AbstractPipeline.wrapAndCopyInto(AbstractPipeline.java:471)
	at java.util.stream.FindOps$FindOp.evaluateSequential(FindOps.java:152)
	at java.util.stream.AbstractPipeline.evaluate(AbstractPipeline.java:234)
	at java.util.stream.ReferencePipeline.findFirst(ReferencePipeline.java:464)
	at org.openqa.selenium.remote.ProtocolHandshake.createSession(ProtocolHandshake.java:362)
	at org.openqa.selenium.remote.ProtocolHandshake.createSession(ProtocolHandshake.java:136)
	at org.openqa.selenium.remote.HttpCommandExecutor.execute(HttpCommandExecutor.java:142)
	at org.openqa.selenium.remote.service.DriverCommandExecutor.execute(DriverCommandExecutor.java:83)
	at org.openqa.selenium.remote.RemoteWebDriver.execute(RemoteWebDriver.java:586)
	at org.openqa.selenium.remote.RemoteWebDriver.startSession(RemoteWebDriver.java:217)
	at org.openqa.selenium.remote.RemoteWebDriver.<init>(RemoteWebDriver.java:140)
	at org.openqa.selenium.chrome.ChromeDriver.<init>(ChromeDriver.java:181)
	at org.openqa.selenium.chrome.ChromeDriver.<init>(ChromeDriver.java:168)
	at org.openqa.selenium.chrome.ChromeDriver.<init>(ChromeDriver.java:123)
	at com.atmecs.falcon.automation.ui.selenium.RunModeLocal.setChromeDriver(RunModeLocal.java:168)
	at com.atmecs.falcon.automation.ui.selenium.RunModeLocal.<init>(RunModeLocal.java:46)
	at com.atmecs.falcon.automation.ui.selenium.RunModeFactory.getRunMode(RunModeFactory.java:35)
	at com.atmecs.falcon.automation.ui.selenium.Browser.openURL(Browser.java:372)
	at com.ui.automation.helper.Ecommercshelper.launchsite(Ecommercshelper.java:46)
	at com.ui.automation.testscript.TestSearchingforProduct.Lunchsite(TestSearchingforProduct.java:61)
	at com.ui.automation.runner.TestNGRunner.main(TestNGRunner.java:58)
	at org.codehaus.mojo.exec.ExecJavaMojo$1.run(ExecJavaMojo.java:294)
	at java.lang.Thread.run(Thread.java:748)
... Removed 31 stack frames]]>
    </failure>
  </testcase> <!-- @BeforeMethod Lunchsite -->
  <testcase name="@BeforeMethod Lunchsite" time="0.0" classname="com.ui.automation.testscript.TestHotSauces">
    <failure type="java.lang.NullPointerException">
      <![CDATA[java.lang.NullPointerException
	at com.ui.automation.helper.Ecommercshelper.launchsite(Ecommercshelper.java:46)
	at com.ui.automation.testscript.TestHotSauces.Lunchsite(TestHotSauces.java:80)
	at com.ui.automation.runner.TestNGRunner.main(TestNGRunner.java:58)
	at org.codehaus.mojo.exec.ExecJavaMojo$1.run(ExecJavaMojo.java:294)
	at java.lang.Thread.run(Thread.java:748)
... Removed 27 stack frames]]>
    </failure>
  </testcase> <!-- @BeforeMethod Lunchsite -->
  <testcase name="Logintowebsite" time="10.58" classname="com.ui.automation.testscript.TestSearchingforProduct">
    <failure type="java.lang.NullPointerException">
      <![CDATA[java.lang.NullPointerException
	at com.ui.automation.pages.HomePage.selectcountry(HomePage.java:48)
	at com.ui.automation.testscript.TestSearchingforProduct.Logintowebsite(TestSearchingforProduct.java:89)
	at com.ui.automation.runner.TestNGRunner.main(TestNGRunner.java:58)
	at org.codehaus.mojo.exec.ExecJavaMojo$1.run(ExecJavaMojo.java:294)
	at java.lang.Thread.run(Thread.java:748)
... Removed 25 stack frames]]>
    </failure>
  </testcase> <!-- Logintowebsite -->
  <testcase name="Searchfortheproduct" time="0.0" classname="com.ui.automation.testscript.TestSearchingforProduct">
    <skipped/>
  </testcase> <!-- Searchfortheproduct -->
  <testcase name="placeNewlyArrived" time="0.0" classname="com.ui.automation.testscript.TestHotSauces">
    <skipped/>
  </testcase> <!-- placeNewlyArrived -->
</testsuite> <!-- SampleTest -->
