<html>
<head>
<title>TestNG:  SampleTest</title>
<link href="../testng.css" rel="stylesheet" type="text/css" />
<link href="../my-testng.css" rel="stylesheet" type="text/css" />

<style type="text/css">
.log { display: none;} 
.stack-trace { display: none;} 
</style>
<script type="text/javascript">
<!--
function flip(e) {
  current = e.style.display;
  if (current == 'block') {
    e.style.display = 'none';
    return 0;
  }
  else {
    e.style.display = 'block';
    return 1;
  }
}

function toggleBox(szDivId, elem, msg1, msg2)
{
  var res = -1;  if (document.getElementById) {
    res = flip(document.getElementById(szDivId));
  }
  else if (document.all) {
    // this is the way old msie versions work
    res = flip(document.all[szDivId]);
  }
  if(elem) {
    if(res == 0) elem.innerHTML = msg1; else elem.innerHTML = msg2;
  }

}

function toggleAllBoxes() {
  if (document.getElementsByTagName) {
    d = document.getElementsByTagName('div');
    for (i = 0; i < d.length; i++) {
      if (d[i].className == 'log') {
        flip(d[i]);
      }
    }
  }
}

// -->
</script>

</head>
<body>
<h2 align='center'>SampleTest</h2><table border='1' align="center">
<tr>
<td>Tests passed/Failed/Skipped:</td><td>0/1/2</td>
</tr><tr>
<td>Started on:</td><td>Mon Apr 27 21:23:47 IST 2020</td>
</tr>
<tr><td>Total time:</td><td>45 seconds (45257 ms)</td>
</tr><tr>
<td>Included groups:</td><td></td>
</tr><tr>
<td>Excluded groups:</td><td></td>
</tr>
</table><p/>
<small><i>(Hover the method name to see the test class name)</i></small><p/>
<table width='100%' border='1' class='invocation-failed'>
<tr><td colspan='4' align='center'><b>FAILED CONFIGURATIONS</b></td></tr>
<tr><td><b>Test method</b></td>
<td width="30%"><b>Exception</b></td>
<td width="10%"><b>Time (seconds)</b></td>
<td><b>Instance</b></td>
</tr>
<tr>
<td title='com.ui.automation.testscript.TestSearchingforProduct.Lunchsite()'><b>Lunchsite</b><br>Test class: com.ui.automation.testscript.TestSearchingforProduct<br>Parameters: WIN, 10, CHROME, 77<br/>
<a href="#Output-1425637013" onClick='toggleBox("Output-1425637013", this, "Show output", "Hide output");'>Show output</a>

<a href="#Output-1425637013" onClick="toggleAllBoxes();">Show all outputs</a>
<div class='log' id="Output-1425637013">
launching the portal homepage<br/>
Opening browser: CHROME<br/>
</div>
</td>
<td><div><pre>org.openqa.selenium.SessionNotCreatedException: session not created
from disconnected: received Inspector.detached event
  (Session info: chrome=81.0.4044.122)
Build info: version: &apos;3.6.0&apos;, revision: &apos;6fbf3ec767&apos;, time: &apos;2017-09-27T15:28:36.4Z&apos;
System info: host: &apos;ATMECSINLT-429&apos;, ip: &apos;192.168.43.117&apos;, os.name: &apos;Windows 10&apos;, os.arch: &apos;amd64&apos;, os.version: &apos;10.0&apos;, java.version: &apos;1.8.0_191&apos;
Driver info: driver.version: ChromeDriver
remote stacktrace: Backtrace:
	Ordinal0 [0x00E50C83+1707139]
	Ordinal0 [0x00DB68F1+1075441]
	Ordinal0 [0x00D2DFC9+516041]
	Ordinal0 [0x00D2687B+485499]
	Ordinal0 [0x00D26499+484505]
	Ordinal0 [0x00D25D96+482710]
	Ordinal0 [0x00D253AC+480172]
	Ordinal0 [0x00D255D5+480725]
	Ordinal0 [0x00D25035+479285]
	Ordinal0 [0x00D2CD25+511269]
	Ordinal0 [0x00D24FE8+479208]
	Ordinal0 [0x00D25A3B+481851]
	Ordinal0 [0x00D253AC+480172]
	Ordinal0 [0x00D255D5+480725]
	Ordinal0 [0x00D25035+479285]
	Ordinal0 [0x00D2B5AE+505262]
	Ordinal0 [0x00D24FE8+479208]
	Ordinal0 [0x00D25A3B+481851]
	Ordinal0 [0x00D253AC+480172]
	Ordinal0 [0x00D255D5+480725]
	Ordinal0 [0x00D25035+479285]
	Ordinal0 [0x00D29E1C+499228]
	Ordinal0 [0x00D24FE8+479208]
	Ordinal0 [0x00D25A3B+481851]
	Ordinal0 [0x00D253AC+480172]
	Ordinal0 [0x00D255D5+480725]
	Ordinal0 [0x00D25035+479285]
	Ordinal0 [0x00D294B7+496823]
	Ordinal0 [0x00D24FE8+479208]
	Ordinal0 [0x00D25A3B+481851]
	Ordinal0 [0x00D253AC+480172]
	Ordinal0 [0x00D255D5+480725]
	Ordinal0 [0x00D25035+479285]
	Ordinal0 [0x00D21B5C+465756]
	Ordinal0 [0x00D24FE8+479208]
	Ordinal0 [0x00D24EC4+478916]
	Ordinal0 [0x00D2ECA0+519328]
	Ordinal0 [0x00CDCA67+182887]
	Ordinal0 [0x00CDBDDD+179677]
	Ordinal0 [0x00CD9D4B+171339]
	Ordinal0 [0x00CC1D4A+73034]
	Ordinal0 [0x00CC2DC0+77248]
	Ordinal0 [0x00CC2D59+77145]
	Ordinal0 [0x00DCBB67+1162087]
	GetHandleVerifier [0x00EEA966+508998]
	GetHandleVerifier [0x00EEA6A4+508292]
	GetHandleVerifier [0x00EFF7B7+594583]
	GetHandleVerifier [0x00EEB1D6+511158]
	Ordinal0 [0x00DC402C+1130540]
	Ordinal0 [0x00DCD4CB+1168587]
	Ordinal0 [0x00DCD633+1168947]
	Ordinal0 [0x00DE5B35+1268533]
	BaseThreadInitThunk [0x74AE8484+36]
	RtlValidSecurityDescriptor [0x77D6302C+284]
	RtlValidSecurityDescriptor [0x77D62FFA+234]

	at org.openqa.selenium.remote.W3CHandshakeResponse.lambda$new$0(W3CHandshakeResponse.java:57)
	at org.openqa.selenium.remote.W3CHandshakeResponse.lambda$getResponseFunction$2(W3CHandshakeResponse.java:104)
	at org.openqa.selenium.remote.ProtocolHandshake.lambda$createSession$24(ProtocolHandshake.java:359)
	at java.util.stream.ReferencePipeline$3$1.accept(ReferencePipeline.java:193)
	at java.util.Spliterators$ArraySpliterator.tryAdvance(Spliterators.java:958)
	at java.util.stream.ReferencePipeline.forEachWithCancel(ReferencePipeline.java:126)
	at java.util.stream.AbstractPipeline.copyIntoWithCancel(AbstractPipeline.java:498)
	at java.util.stream.AbstractPipeline.copyInto(AbstractPipeline.java:485)
	at java.util.stream.AbstractPipeline.wrapAndCopyInto(AbstractPipeline.java:471)
	at java.util.stream.FindOps$FindOp.evaluateSequential(FindOps.java:152)
	at java.util.stream.AbstractPipeline.evaluate(AbstractPipeline.java:234)
	at java.util.stream.ReferencePipeline.findFirst(ReferencePipeline.java:464)
	at org.openqa.selenium.remote.ProtocolHandshake.createSession(ProtocolHandshake.java:362)
	at org.openqa.selenium.remote.ProtocolHandshake.createSession(ProtocolHandshake.java:136)
	at org.openqa.selenium.remote.HttpCommandExecutor.execute(HttpCommandExecutor.java:142)
	at org.openqa.selenium.remote.service.DriverCommandExecutor.execute(DriverCommandExecutor.java:83)
	at org.openqa.selenium.remote.RemoteWebDriver.execute(RemoteWebDriver.java:586)
	at org.openqa.selenium.remote.RemoteWebDriver.startSession(RemoteWebDriver.java:217)
	at org.openqa.selenium.remote.RemoteWebDriver.&lt;init&gt;(RemoteWebDriver.java:140)
	at org.openqa.selenium.chrome.ChromeDriver.&lt;init&gt;(ChromeDriver.java:181)
	at org.openqa.selenium.chrome.ChromeDriver.&lt;init&gt;(ChromeDriver.java:168)
	at org.openqa.selenium.chrome.ChromeDriver.&lt;init&gt;(ChromeDriver.java:123)
	at com.atmecs.falcon.automation.ui.selenium.RunModeLocal.setChromeDriver(RunModeLocal.java:168)
	at com.atmecs.falcon.automation.ui.selenium.RunModeLocal.&lt;init&gt;(RunModeLocal.java:46)
	at com.atmecs.falcon.automation.ui.selenium.RunModeFactory.getRunMode(RunModeFactory.java:35)
	at com.atmecs.falcon.automation.ui.selenium.Browser.openURL(Browser.java:372)
	at com.ui.automation.helper.Ecommercshelper.launchsite(Ecommercshelper.java:46)
	at com.ui.automation.testscript.TestSearchingforProduct.Lunchsite(TestSearchingforProduct.java:61)
	at com.ui.automation.runner.TestNGRunner.main(TestNGRunner.java:58)
	at org.codehaus.mojo.exec.ExecJavaMojo$1.run(ExecJavaMojo.java:294)
	at java.lang.Thread.run(Thread.java:748)
... Removed 31 stack frames</pre></div><a href='#' onClick='toggleBox("stack-trace1425637013", this, "Click to show all stack frames", "Click to hide stack frames")'>Click to show all stack frames</a>
<div class='stack-trace' id='stack-trace1425637013'><pre>org.openqa.selenium.SessionNotCreatedException: session not created
from disconnected: received Inspector.detached event
  (Session info: chrome=81.0.4044.122)
Build info: version: &apos;3.6.0&apos;, revision: &apos;6fbf3ec767&apos;, time: &apos;2017-09-27T15:28:36.4Z&apos;
System info: host: &apos;ATMECSINLT-429&apos;, ip: &apos;192.168.43.117&apos;, os.name: &apos;Windows 10&apos;, os.arch: &apos;amd64&apos;, os.version: &apos;10.0&apos;, java.version: &apos;1.8.0_191&apos;
Driver info: driver.version: ChromeDriver
remote stacktrace: Backtrace:
	Ordinal0 [0x00E50C83+1707139]
	Ordinal0 [0x00DB68F1+1075441]
	Ordinal0 [0x00D2DFC9+516041]
	Ordinal0 [0x00D2687B+485499]
	Ordinal0 [0x00D26499+484505]
	Ordinal0 [0x00D25D96+482710]
	Ordinal0 [0x00D253AC+480172]
	Ordinal0 [0x00D255D5+480725]
	Ordinal0 [0x00D25035+479285]
	Ordinal0 [0x00D2CD25+511269]
	Ordinal0 [0x00D24FE8+479208]
	Ordinal0 [0x00D25A3B+481851]
	Ordinal0 [0x00D253AC+480172]
	Ordinal0 [0x00D255D5+480725]
	Ordinal0 [0x00D25035+479285]
	Ordinal0 [0x00D2B5AE+505262]
	Ordinal0 [0x00D24FE8+479208]
	Ordinal0 [0x00D25A3B+481851]
	Ordinal0 [0x00D253AC+480172]
	Ordinal0 [0x00D255D5+480725]
	Ordinal0 [0x00D25035+479285]
	Ordinal0 [0x00D29E1C+499228]
	Ordinal0 [0x00D24FE8+479208]
	Ordinal0 [0x00D25A3B+481851]
	Ordinal0 [0x00D253AC+480172]
	Ordinal0 [0x00D255D5+480725]
	Ordinal0 [0x00D25035+479285]
	Ordinal0 [0x00D294B7+496823]
	Ordinal0 [0x00D24FE8+479208]
	Ordinal0 [0x00D25A3B+481851]
	Ordinal0 [0x00D253AC+480172]
	Ordinal0 [0x00D255D5+480725]
	Ordinal0 [0x00D25035+479285]
	Ordinal0 [0x00D21B5C+465756]
	Ordinal0 [0x00D24FE8+479208]
	Ordinal0 [0x00D24EC4+478916]
	Ordinal0 [0x00D2ECA0+519328]
	Ordinal0 [0x00CDCA67+182887]
	Ordinal0 [0x00CDBDDD+179677]
	Ordinal0 [0x00CD9D4B+171339]
	Ordinal0 [0x00CC1D4A+73034]
	Ordinal0 [0x00CC2DC0+77248]
	Ordinal0 [0x00CC2D59+77145]
	Ordinal0 [0x00DCBB67+1162087]
	GetHandleVerifier [0x00EEA966+508998]
	GetHandleVerifier [0x00EEA6A4+508292]
	GetHandleVerifier [0x00EFF7B7+594583]
	GetHandleVerifier [0x00EEB1D6+511158]
	Ordinal0 [0x00DC402C+1130540]
	Ordinal0 [0x00DCD4CB+1168587]
	Ordinal0 [0x00DCD633+1168947]
	Ordinal0 [0x00DE5B35+1268533]
	BaseThreadInitThunk [0x74AE8484+36]
	RtlValidSecurityDescriptor [0x77D6302C+284]
	RtlValidSecurityDescriptor [0x77D62FFA+234]

	at sun.reflect.NativeConstructorAccessorImpl.newInstance0(Native Method)
	at sun.reflect.NativeConstructorAccessorImpl.newInstance(NativeConstructorAccessorImpl.java:62)
	at sun.reflect.DelegatingConstructorAccessorImpl.newInstance(DelegatingConstructorAccessorImpl.java:45)
	at java.lang.reflect.Constructor.newInstance(Constructor.java:423)
	at org.openqa.selenium.remote.W3CHandshakeResponse.lambda$new$0(W3CHandshakeResponse.java:57)
	at org.openqa.selenium.remote.W3CHandshakeResponse.lambda$getResponseFunction$2(W3CHandshakeResponse.java:104)
	at org.openqa.selenium.remote.ProtocolHandshake.lambda$createSession$24(ProtocolHandshake.java:359)
	at java.util.stream.ReferencePipeline$3$1.accept(ReferencePipeline.java:193)
	at java.util.Spliterators$ArraySpliterator.tryAdvance(Spliterators.java:958)
	at java.util.stream.ReferencePipeline.forEachWithCancel(ReferencePipeline.java:126)
	at java.util.stream.AbstractPipeline.copyIntoWithCancel(AbstractPipeline.java:498)
	at java.util.stream.AbstractPipeline.copyInto(AbstractPipeline.java:485)
	at java.util.stream.AbstractPipeline.wrapAndCopyInto(AbstractPipeline.java:471)
	at java.util.stream.FindOps$FindOp.evaluateSequential(FindOps.java:152)
	at java.util.stream.AbstractPipeline.evaluate(AbstractPipeline.java:234)
	at java.util.stream.ReferencePipeline.findFirst(ReferencePipeline.java:464)
	at org.openqa.selenium.remote.ProtocolHandshake.createSession(ProtocolHandshake.java:362)
	at org.openqa.selenium.remote.ProtocolHandshake.createSession(ProtocolHandshake.java:136)
	at org.openqa.selenium.remote.HttpCommandExecutor.execute(HttpCommandExecutor.java:142)
	at org.openqa.selenium.remote.service.DriverCommandExecutor.execute(DriverCommandExecutor.java:83)
	at org.openqa.selenium.remote.RemoteWebDriver.execute(RemoteWebDriver.java:586)
	at org.openqa.selenium.remote.RemoteWebDriver.startSession(RemoteWebDriver.java:217)
	at org.openqa.selenium.remote.RemoteWebDriver.&lt;init&gt;(RemoteWebDriver.java:140)
	at org.openqa.selenium.chrome.ChromeDriver.&lt;init&gt;(ChromeDriver.java:181)
	at org.openqa.selenium.chrome.ChromeDriver.&lt;init&gt;(ChromeDriver.java:168)
	at org.openqa.selenium.chrome.ChromeDriver.&lt;init&gt;(ChromeDriver.java:123)
	at com.atmecs.falcon.automation.ui.selenium.RunModeLocal.setChromeDriver(RunModeLocal.java:168)
	at com.atmecs.falcon.automation.ui.selenium.RunModeLocal.&lt;init&gt;(RunModeLocal.java:46)
	at com.atmecs.falcon.automation.ui.selenium.RunModeFactory.getRunMode(RunModeFactory.java:35)
	at com.atmecs.falcon.automation.ui.selenium.Browser.openURL(Browser.java:372)
	at com.ui.automation.helper.Ecommercshelper.launchsite(Ecommercshelper.java:46)
	at com.ui.automation.testscript.TestSearchingforProduct.Lunchsite(TestSearchingforProduct.java:61)
	at sun.reflect.NativeMethodAccessorImpl.invoke0(Native Method)
	at sun.reflect.NativeMethodAccessorImpl.invoke(NativeMethodAccessorImpl.java:62)
	at sun.reflect.DelegatingMethodAccessorImpl.invoke(DelegatingMethodAccessorImpl.java:43)
	at java.lang.reflect.Method.invoke(Method.java:498)
	at org.testng.internal.MethodInvocationHelper.invokeMethod(MethodInvocationHelper.java:85)
	at org.testng.internal.Invoker.invokeConfigurationMethod(Invoker.java:510)
	at org.testng.internal.Invoker.invokeConfigurations(Invoker.java:211)
	at org.testng.internal.Invoker.invokeMethod(Invoker.java:585)
	at org.testng.internal.Invoker.invokeTestMethod(Invoker.java:816)
	at org.testng.internal.Invoker.invokeTestMethods(Invoker.java:1124)
	at org.testng.internal.TestMethodWorker.invokeTestMethods(TestMethodWorker.java:125)
	at org.testng.internal.TestMethodWorker.run(TestMethodWorker.java:108)
	at org.testng.TestRunner.privateRun(TestRunner.java:774)
	at org.testng.TestRunner.run(TestRunner.java:624)
	at org.testng.SuiteRunner.runTest(SuiteRunner.java:359)
	at org.testng.SuiteRunner.runSequentially(SuiteRunner.java:354)
	at org.testng.SuiteRunner.privateRun(SuiteRunner.java:312)
	at org.testng.SuiteRunner.run(SuiteRunner.java:261)
	at org.testng.SuiteRunnerWorker.runSuite(SuiteRunnerWorker.java:52)
	at org.testng.SuiteRunnerWorker.run(SuiteRunnerWorker.java:86)
	at org.testng.TestNG.runSuitesSequentially(TestNG.java:1215)
	at org.testng.TestNG.runSuitesLocally(TestNG.java:1140)
	at org.testng.TestNG.run(TestNG.java:1048)
	at com.ui.automation.runner.TestNGRunner.main(TestNGRunner.java:58)
	at sun.reflect.NativeMethodAccessorImpl.invoke0(Native Method)
	at sun.reflect.NativeMethodAccessorImpl.invoke(NativeMethodAccessorImpl.java:62)
	at sun.reflect.DelegatingMethodAccessorImpl.invoke(DelegatingMethodAccessorImpl.java:43)
	at java.lang.reflect.Method.invoke(Method.java:498)
	at org.codehaus.mojo.exec.ExecJavaMojo$1.run(ExecJavaMojo.java:294)
	at java.lang.Thread.run(Thread.java:748)
</pre></div></td>
<td>0</td>
<td>com.ui.automation.testscript.TestSearchingforProduct@1f7e1765</td></tr>
<tr>
<td title='com.ui.automation.testscript.TestHotSauces.Lunchsite()'><b>Lunchsite</b><br>Test class: com.ui.automation.testscript.TestHotSauces<br>Parameters: WIN, 10, CHROME, 77<br/>
<a href="#Output-1446622061" onClick='toggleBox("Output-1446622061", this, "Show output", "Hide output");'>Show output</a>

<a href="#Output-1446622061" onClick="toggleAllBoxes();">Show all outputs</a>
<div class='log' id="Output-1446622061">
launching the portal homepage<br/>
Opening browser: CHROME<br/>
</div>
</td>
<td><div><pre>java.lang.NullPointerException
	at com.ui.automation.helper.Ecommercshelper.launchsite(Ecommercshelper.java:46)
	at com.ui.automation.testscript.TestHotSauces.Lunchsite(TestHotSauces.java:80)
	at com.ui.automation.runner.TestNGRunner.main(TestNGRunner.java:58)
	at org.codehaus.mojo.exec.ExecJavaMojo$1.run(ExecJavaMojo.java:294)
	at java.lang.Thread.run(Thread.java:748)
... Removed 27 stack frames</pre></div><a href='#' onClick='toggleBox("stack-trace1446622061", this, "Click to show all stack frames", "Click to hide stack frames")'>Click to show all stack frames</a>
<div class='stack-trace' id='stack-trace1446622061'><pre>java.lang.NullPointerException
	at com.ui.automation.helper.Ecommercshelper.launchsite(Ecommercshelper.java:46)
	at com.ui.automation.testscript.TestHotSauces.Lunchsite(TestHotSauces.java:80)
	at sun.reflect.NativeMethodAccessorImpl.invoke0(Native Method)
	at sun.reflect.NativeMethodAccessorImpl.invoke(NativeMethodAccessorImpl.java:62)
	at sun.reflect.DelegatingMethodAccessorImpl.invoke(DelegatingMethodAccessorImpl.java:43)
	at java.lang.reflect.Method.invoke(Method.java:498)
	at org.testng.internal.MethodInvocationHelper.invokeMethod(MethodInvocationHelper.java:85)
	at org.testng.internal.Invoker.invokeConfigurationMethod(Invoker.java:510)
	at org.testng.internal.Invoker.invokeConfigurations(Invoker.java:211)
	at org.testng.internal.Invoker.invokeMethod(Invoker.java:585)
	at org.testng.internal.Invoker.invokeTestMethod(Invoker.java:816)
	at org.testng.internal.Invoker.invokeTestMethods(Invoker.java:1124)
	at org.testng.internal.TestMethodWorker.invokeTestMethods(TestMethodWorker.java:125)
	at org.testng.internal.TestMethodWorker.run(TestMethodWorker.java:108)
	at org.testng.TestRunner.privateRun(TestRunner.java:774)
	at org.testng.TestRunner.run(TestRunner.java:624)
	at org.testng.SuiteRunner.runTest(SuiteRunner.java:359)
	at org.testng.SuiteRunner.runSequentially(SuiteRunner.java:354)
	at org.testng.SuiteRunner.privateRun(SuiteRunner.java:312)
	at org.testng.SuiteRunner.run(SuiteRunner.java:261)
	at org.testng.SuiteRunnerWorker.runSuite(SuiteRunnerWorker.java:52)
	at org.testng.SuiteRunnerWorker.run(SuiteRunnerWorker.java:86)
	at org.testng.TestNG.runSuitesSequentially(TestNG.java:1215)
	at org.testng.TestNG.runSuitesLocally(TestNG.java:1140)
	at org.testng.TestNG.run(TestNG.java:1048)
	at com.ui.automation.runner.TestNGRunner.main(TestNGRunner.java:58)
	at sun.reflect.NativeMethodAccessorImpl.invoke0(Native Method)
	at sun.reflect.NativeMethodAccessorImpl.invoke(NativeMethodAccessorImpl.java:62)
	at sun.reflect.DelegatingMethodAccessorImpl.invoke(DelegatingMethodAccessorImpl.java:43)
	at java.lang.reflect.Method.invoke(Method.java:498)
	at org.codehaus.mojo.exec.ExecJavaMojo$1.run(ExecJavaMojo.java:294)
	at java.lang.Thread.run(Thread.java:748)
</pre></div></td>
<td>0</td>
<td>com.ui.automation.testscript.TestHotSauces@5c6d98b8</td></tr>
</table><p>
<table width='100%' border='1' class='invocation-failed'>
<tr><td colspan='4' align='center'><b>FAILED TESTS</b></td></tr>
<tr><td><b>Test method</b></td>
<td width="30%"><b>Exception</b></td>
<td width="10%"><b>Time (seconds)</b></td>
<td><b>Instance</b></td>
</tr>
<tr>
<td title='com.ui.automation.testscript.TestSearchingforProduct.Logintowebsite()'><b>Logintowebsite</b><br>Test class: com.ui.automation.testscript.TestSearchingforProduct<br>Parameters: venkatklu1993@gmail.com, Venkat@123, English (UK)<br/>
<a href="#Output-143786720" onClick='toggleBox("Output-143786720", this, "Show output", "Hide output");'>Show output</a>

<a href="#Output-143786720" onClick="toggleAllBoxes();">Show all outputs</a>
<div class='log' id="Output-143786720">
Log into website <br/>
Log into website <br/>
click on login button <br/>
enter the username<br/>
enter the emailid<br/>
enter the password<br/>
enter the password<br/>
Click on LoginButton<br/>
Select the country name<br/>
Unexpected exception occur: no such window: target window already closed
from unknown error: web view not found
  (Session info: chrome=81.0.4044.122)
Build info: version: '3.6.0', revision: '6fbf3ec767', time: '2017-09-27T15:28:36.4Z'
System info: host: 'ATMECSINLT-429', ip: '192.168.43.117', os.name: 'Windows 10', os.arch: 'amd64', os.version: '10.0', java.version: '1.8.0_191'
Driver info: org.openqa.selenium.chrome.ChromeDriver
Capabilities [{networkConnectionEnabled=false, chrome={chromedriverVersion=80.0.3987.106 (f68069574609230cf9b635cd784cfb1bf81bb53a-refs/branch-heads/3987@{#882}), userDataDir=C:\Users\VENKAT~1.MUP\AppData\Local\Temp\scoped_dir5980_718218267}, timeouts={implicit=0, pageLoad=300000, script=30000}, pageLoadStrategy=normal, unhandledPromptBehavior=dismiss and notify, strictFileInteractability=false, platform=WINDOWS, proxy=Proxy(), goog:chromeOptions={debuggerAddress=localhost:52044}, acceptInsecureCerts=false, browserVersion=81.0.4044.122, browserName=chrome, javascriptEnabled=true, platformName=WINDOWS, setWindowRect=true}]
Session ID: 806dae99c9076c4f884578ea7a1f48ae<br/>
Unexpected exception occur: no such window: target window already closed
from unknown error: web view not found
  (Session info: chrome=81.0.4044.122)
Build info: version: '3.6.0', revision: '6fbf3ec767', time: '2017-09-27T15:28:36.4Z'
System info: host: 'ATMECSINLT-429', ip: '192.168.43.117', os.name: 'Windows 10', os.arch: 'amd64', os.version: '10.0', java.version: '1.8.0_191'
Driver info: org.openqa.selenium.chrome.ChromeDriver
Capabilities [{networkConnectionEnabled=false, chrome={chromedriverVersion=80.0.3987.106 (f68069574609230cf9b635cd784cfb1bf81bb53a-refs/branch-heads/3987@{#882}), userDataDir=C:\Users\VENKAT~1.MUP\AppData\Local\Temp\scoped_dir5980_718218267}, timeouts={implicit=0, pageLoad=300000, script=30000}, pageLoadStrategy=normal, unhandledPromptBehavior=dismiss and notify, strictFileInteractability=false, platform=WINDOWS, proxy=Proxy(), goog:chromeOptions={debuggerAddress=localhost:52044}, acceptInsecureCerts=false, browserVersion=81.0.4044.122, browserName=chrome, javascriptEnabled=true, platformName=WINDOWS, setWindowRect=true}]
Session ID: 806dae99c9076c4f884578ea7a1f48ae<br/>
</div>
</td>
<td><div><pre>java.lang.NullPointerException
	at com.ui.automation.pages.HomePage.selectcountry(HomePage.java:48)
	at com.ui.automation.testscript.TestSearchingforProduct.Logintowebsite(TestSearchingforProduct.java:89)
	at com.ui.automation.runner.TestNGRunner.main(TestNGRunner.java:58)
	at org.codehaus.mojo.exec.ExecJavaMojo$1.run(ExecJavaMojo.java:294)
	at java.lang.Thread.run(Thread.java:748)
... Removed 25 stack frames</pre></div><a href='#' onClick='toggleBox("stack-trace143786720", this, "Click to show all stack frames", "Click to hide stack frames")'>Click to show all stack frames</a>
<div class='stack-trace' id='stack-trace143786720'><pre>java.lang.NullPointerException
	at com.ui.automation.pages.HomePage.selectcountry(HomePage.java:48)
	at com.ui.automation.testscript.TestSearchingforProduct.Logintowebsite(TestSearchingforProduct.java:89)
	at sun.reflect.NativeMethodAccessorImpl.invoke0(Native Method)
	at sun.reflect.NativeMethodAccessorImpl.invoke(NativeMethodAccessorImpl.java:62)
	at sun.reflect.DelegatingMethodAccessorImpl.invoke(DelegatingMethodAccessorImpl.java:43)
	at java.lang.reflect.Method.invoke(Method.java:498)
	at org.testng.internal.MethodInvocationHelper.invokeMethod(MethodInvocationHelper.java:85)
	at org.testng.internal.Invoker.invokeMethod(Invoker.java:639)
	at org.testng.internal.Invoker.invokeTestMethod(Invoker.java:816)
	at org.testng.internal.Invoker.invokeTestMethods(Invoker.java:1124)
	at org.testng.internal.TestMethodWorker.invokeTestMethods(TestMethodWorker.java:125)
	at org.testng.internal.TestMethodWorker.run(TestMethodWorker.java:108)
	at org.testng.TestRunner.privateRun(TestRunner.java:774)
	at org.testng.TestRunner.run(TestRunner.java:624)
	at org.testng.SuiteRunner.runTest(SuiteRunner.java:359)
	at org.testng.SuiteRunner.runSequentially(SuiteRunner.java:354)
	at org.testng.SuiteRunner.privateRun(SuiteRunner.java:312)
	at org.testng.SuiteRunner.run(SuiteRunner.java:261)
	at org.testng.SuiteRunnerWorker.runSuite(SuiteRunnerWorker.java:52)
	at org.testng.SuiteRunnerWorker.run(SuiteRunnerWorker.java:86)
	at org.testng.TestNG.runSuitesSequentially(TestNG.java:1215)
	at org.testng.TestNG.runSuitesLocally(TestNG.java:1140)
	at org.testng.TestNG.run(TestNG.java:1048)
	at com.ui.automation.runner.TestNGRunner.main(TestNGRunner.java:58)
	at sun.reflect.NativeMethodAccessorImpl.invoke0(Native Method)
	at sun.reflect.NativeMethodAccessorImpl.invoke(NativeMethodAccessorImpl.java:62)
	at sun.reflect.DelegatingMethodAccessorImpl.invoke(DelegatingMethodAccessorImpl.java:43)
	at java.lang.reflect.Method.invoke(Method.java:498)
	at org.codehaus.mojo.exec.ExecJavaMojo$1.run(ExecJavaMojo.java:294)
	at java.lang.Thread.run(Thread.java:748)
</pre></div></td>
<td>10</td>
<td>com.ui.automation.testscript.TestSearchingforProduct@1f7e1765</td></tr>
</table><p>
<table width='100%' border='1' class='invocation-skipped'>
<tr><td colspan='4' align='center'><b>SKIPPED TESTS</b></td></tr>
<tr><td><b>Test method</b></td>
<td width="30%"><b>Exception</b></td>
<td width="10%"><b>Time (seconds)</b></td>
<td><b>Instance</b></td>
</tr>
<tr>
<td title='com.ui.automation.testscript.TestSearchingforProduct.Searchfortheproduct()'><b>Searchfortheproduct</b><br>Test class: com.ui.automation.testscript.TestSearchingforProduct<br>Parameters: venkatklu1993@gmail.com, Venkat@123, English (UK)</td>
<td></td>
<td>0</td>
<td>com.ui.automation.testscript.TestSearchingforProduct@1f7e1765</td></tr>
<tr>
<td title='com.ui.automation.testscript.TestHotSauces.placeNewlyArrived()'><b>placeNewlyArrived</b><br>Test class: com.ui.automation.testscript.TestHotSauces<br>Parameters: venkatklu1993@gmail.com, Venkat@123, English (UK)</td>
<td></td>
<td>0</td>
<td>com.ui.automation.testscript.TestHotSauces@5c6d98b8</td></tr>
</table><p>
</body>
</html>